<?xml version="1.0" encoding="UTF-8"?>
<testsuite name="com.mangafetcher.downloader.CoreHttpClientTest" tests="3" skipped="0" failures="0" errors="0" timestamp="2026-04-12T15:04:38.365Z" hostname="LMAC-KQLMXGTH6D" time="0.335">
  <properties/>
  <testcase name="should respect rate limit()" classname="com.mangafetcher.downloader.CoreHttpClientTest" time="0.197"/>
  <testcase name="should fetch content from server()" classname="com.mangafetcher.downloader.CoreHttpClientTest" time="0.006"/>
  <testcase name="should retry on 5xx error()" classname="com.mangafetcher.downloader.CoreHttpClientTest" time="0.112"/>
  <system-out><![CDATA[]]></system-out>
  <system-err><![CDATA[]]></system-err>
</testsuite>
