<?xml version="1.0" encoding="UTF-8"?>
<testsuite name="com.mangafetcher.downloader.SetupTest" tests="2" skipped="0" failures="0" errors="0" timestamp="2026-04-12T15:04:38.742Z" hostname="LMAC-KQLMXGTH6D" time="0.003">
  <properties/>
  <testcase name="should have okhttp in classpath()" classname="com.mangafetcher.downloader.SetupTest" time="0.0"/>
  <testcase name="should have picocli in classpath()" classname="com.mangafetcher.downloader.SetupTest" time="0.001"/>
  <system-out><![CDATA[]]></system-out>
  <system-err><![CDATA[]]></system-err>
</testsuite>
